MONGODB [WARNING] Please note that logging negatively impacts client-side performance. You should set your logging level no lower than :info in production.
MONGODB admin['$cmd'].find({:ismaster=>1}).limit(-1)


Started GET "/" for 127.0.0.1 at 2012-03-17 17:09:09 +0100
  Processing by HomeController#index as HTML
Rendered home/index.html.haml within layouts/application (1.9ms)
Rendered layouts/_header.html.haml (5.4ms)
Rendered layouts/_footer.haml (1.3ms)
Completed 200 OK in 132ms (Views: 117.2ms)


Started GET "/assets/application.js" for 127.0.0.1 at 2012-03-17 17:09:09 +0100
Compiled application.js  (7ms)  (pid 32445)
Compiled jquery.js  (2ms)  (pid 32445)
Compiled jquery_ujs.js  (0ms)  (pid 32445)
Served asset /application.js - 200 OK (36ms)


Started GET "/assets/application.css" for 127.0.0.1 at 2012-03-17 17:09:09 +0100
Compiled application.css  (3ms)  (pid 32445)
Compiled twitter/bootstrap.css  (495ms)  (pid 32445)
Compiled layout.css  (31ms)  (pid 32445)
Served asset /application.css - 200 OK (586ms)


Started GET "/" for 127.0.0.1 at 2012-03-17 17:11:22 +0100
  Processing by HomeController#index as HTML
Rendered home/index.html.haml within layouts/application (2.0ms)
Rendered layouts/_header.html.haml (29.6ms)
Rendered layouts/_footer.haml (0.1ms)
Completed 200 OK in 105ms (Views: 87.9ms)


Started GET "/assets/application.js" for 127.0.0.1 at 2012-03-17 17:11:22 +0100
Served asset /application.js - 304 Not Modified (0ms)


Started GET "/assets/application.css" for 127.0.0.1 at 2012-03-17 17:11:22 +0100
Served asset /application.css - 304 Not Modified (0ms)


Started GET "/" for 127.0.0.1 at 2012-03-17 17:11:41 +0100
  Processing by HomeController#index as HTML
Rendered home/index.html.haml within layouts/application (2.1ms)
Rendered layouts/_header.html.haml (29.7ms)
Rendered layouts/_footer.haml (0.1ms)
Completed 200 OK in 109ms (Views: 40.8ms)


Started GET "/assets/application.js" for 127.0.0.1 at 2012-03-17 17:11:41 +0100
Served asset /application.js - 304 Not Modified (0ms)


Started GET "/assets/application.css" for 127.0.0.1 at 2012-03-17 17:11:41 +0100
Served asset /application.css - 304 Not Modified (0ms)


Started GET "/" for 127.0.0.1 at 2012-03-17 17:12:02 +0100
  Processing by HomeController#index as HTML
Rendered home/index.html.haml within layouts/application (2.1ms)
Rendered layouts/_header.html.haml (30.8ms)
Rendered layouts/_footer.haml (0.1ms)
Completed 200 OK in 111ms (Views: 94.0ms)


Started GET "/assets/application.css" for 127.0.0.1 at 2012-03-17 17:12:02 +0100
Served asset /application.css - 304 Not Modified (0ms)


Started GET "/assets/application.js" for 127.0.0.1 at 2012-03-17 17:12:02 +0100
Served asset /application.js - 304 Not Modified (0ms)


Started GET "/" for 127.0.0.1 at 2012-03-17 17:12:05 +0100
  Processing by HomeController#index as HTML
Rendered home/index.html.haml within layouts/application (1.9ms)
Rendered layouts/_header.html.haml (80.9ms)
Rendered layouts/_footer.haml (0.1ms)
Completed 200 OK in 108ms (Views: 90.9ms)


Started GET "/assets/application.js" for 127.0.0.1 at 2012-03-17 17:12:06 +0100
Served asset /application.js - 304 Not Modified (0ms)


Started GET "/assets/application.css" for 127.0.0.1 at 2012-03-17 17:12:06 +0100
Served asset /application.css - 304 Not Modified (0ms)


Started GET "/" for 127.0.0.1 at 2012-03-17 17:12:13 +0100
  Processing by HomeController#index as HTML
Rendered home/index.html.haml within layouts/application (1.8ms)
Rendered layouts/_header.html.haml (81.2ms)
Rendered layouts/_footer.haml (0.1ms)
Completed 200 OK in 108ms (Views: 91.1ms)


Started GET "/assets/application.js" for 127.0.0.1 at 2012-03-17 17:12:13 +0100
Served asset /application.js - 304 Not Modified (0ms)


Started GET "/assets/application.css" for 127.0.0.1 at 2012-03-17 17:12:13 +0100
Served asset /application.css - 304 Not Modified (0ms)


Started GET "/" for 127.0.0.1 at 2012-03-17 17:13:20 +0100
  Processing by HomeController#index as HTML
Rendered home/index.html.haml within layouts/application (1.5ms)
Rendered layouts/_header.html.haml (80.0ms)
Rendered layouts/_footer.haml (1.5ms)
Completed 200 OK in 107ms (Views: 90.6ms)


Started GET "/assets/application.js" for 127.0.0.1 at 2012-03-17 17:13:20 +0100
Served asset /application.js - 304 Not Modified (0ms)


Started GET "/assets/application.css" for 127.0.0.1 at 2012-03-17 17:13:20 +0100
Served asset /application.css - 304 Not Modified (0ms)


Started GET "/" for 127.0.0.1 at 2012-03-17 17:14:00 +0100
  Processing by HomeController#index as HTML
Rendered home/index.html.haml within layouts/application (0.1ms)
Rendered layouts/_header.html.haml (82.8ms)
Rendered layouts/_footer.haml (1.5ms)
Completed 200 OK in 109ms (Views: 92.2ms)


Started GET "/assets/application.js" for 127.0.0.1 at 2012-03-17 17:14:00 +0100
Served asset /application.js - 304 Not Modified (0ms)


Started GET "/assets/application.css" for 127.0.0.1 at 2012-03-17 17:14:00 +0100
Served asset /application.css - 304 Not Modified (0ms)


Started GET "/" for 127.0.0.1 at 2012-03-17 17:14:16 +0100
  Processing by HomeController#index as HTML
Rendered home/index.html.haml within layouts/application (0.1ms)
Rendered layouts/_header.html.haml (82.9ms)
Rendered layouts/_footer.haml (0.1ms)
Completed 200 OK in 108ms (Views: 90.9ms)


Started GET "/assets/application.js" for 127.0.0.1 at 2012-03-17 17:14:16 +0100
Served asset /application.js - 304 Not Modified (0ms)


Started GET "/assets/application.css" for 127.0.0.1 at 2012-03-17 17:14:16 +0100
Served asset /application.css - 304 Not Modified (0ms)


Started GET "/" for 127.0.0.1 at 2012-03-17 17:14:57 +0100
  Processing by HomeController#index as HTML
Rendered home/index.html.haml within layouts/application (0.1ms)
Rendered layouts/_header.html.haml (82.5ms)
Rendered layouts/_footer.haml (0.1ms)
Completed 200 OK in 108ms (Views: 91.0ms)


Started GET "/assets/application.js" for 127.0.0.1 at 2012-03-17 17:14:57 +0100
Served asset /application.js - 304 Not Modified (0ms)


Started GET "/assets/application.css" for 127.0.0.1 at 2012-03-17 17:14:57 +0100
Served asset /application.css - 304 Not Modified (0ms)


Started GET "/" for 127.0.0.1 at 2012-03-17 17:18:12 +0100
  Processing by HomeController#index as HTML
Rendered home/index.html.haml within layouts/application (0.1ms)
Rendered layouts/_header.html.haml (82.0ms)
Rendered layouts/_footer.haml (0.1ms)
Completed 200 OK in 106ms (Views: 89.6ms)


Started GET "/assets/application.css" for 127.0.0.1 at 2012-03-17 17:18:12 +0100
Served asset /application.css - 304 Not Modified (0ms)


Started GET "/assets/application.js" for 127.0.0.1 at 2012-03-17 17:18:12 +0100
Served asset /application.js - 304 Not Modified (0ms)


Started GET "/" for 127.0.0.1 at 2012-03-17 17:18:32 +0100
  Processing by HomeController#index as HTML
Rendered home/index.html.haml within layouts/application (0.1ms)
Rendered layouts/_header.html.haml (31.7ms)
Rendered layouts/_footer.haml (0.1ms)
Completed 200 OK in 57ms (Views: 39.2ms)


Started GET "/assets/application.css" for 127.0.0.1 at 2012-03-17 17:18:32 +0100
Served asset /application.css - 304 Not Modified (0ms)


Started GET "/assets/application.js" for 127.0.0.1 at 2012-03-17 17:18:32 +0100
Served asset /application.js - 304 Not Modified (0ms)


Started GET "/app/users/sign_up" for 127.0.0.1 at 2012-03-17 17:20:00 +0100
  Processing by Devise::RegistrationsController#new as HTML
Rendered devise/registrations/new.html.haml within layouts/application (7.8ms)
Rendered layouts/_header.html.haml (48.6ms)
Rendered layouts/_footer.haml (0.1ms)
Completed 200 OK in 93ms (Views: 65.2ms)


Started GET "/assets/application.css" for 127.0.0.1 at 2012-03-17 17:20:00 +0100
Served asset /application.css - 304 Not Modified (0ms)


Started GET "/assets/application.js" for 127.0.0.1 at 2012-03-17 17:20:00 +0100
Served asset /application.js - 304 Not Modified (0ms)


Started POST "/app/users" for 127.0.0.1 at 2012-03-17 17:20:20 +0100
  Processing by Devise::RegistrationsController#create as HTML
  Parameters: {"utf8"=>"✓", "authenticity_token"=>"r5qXbKLWvK+XaBZYB36473fiFwFNUFCz8gpkTsQu21o=", "user"=>{"username"=>"anithaly", "email"=>"anithaly@gmail.com", "password"=>"[FILTERED]", "password_confirmation"=>"[FILTERED]"}, "commit"=>"Załóż konto"}
MONGODB real_time_editor_development['system.namespaces'].find({})
MONGODB real_time_editor_development['$cmd'].find({:create=>"users"}).limit(-1)
MONGODB real_time_editor_development['$cmd'].find({"count"=>"users", "query"=>{:email=>"anithaly@gmail.com"}, "fields"=>nil}).limit(-1)
MONGODB real_time_editor_development['$cmd'].find({"count"=>"users", "query"=>{:username=>/^anithaly$/i}, "fields"=>nil}).limit(-1)
MONGODB real_time_editor_development['$cmd'].find({"count"=>"users", "query"=>{:email=>/^anithaly@gmail\.com$/i}, "fields"=>nil}).limit(-1)
MONGODB real_time_editor_development['users'].insert([{"_id"=>BSON::ObjectId('4f64b9c4cd15937ebd000002'), "username"=>"anithaly", "email"=>"anithaly@gmail.com", "encrypted_password"=>"$2a$10$WT5NvjCwEDlmY1jJJFlW7.iYN1qkD58nW/YHjqdSx1hmCKf/55y6q", "updated_at"=>2012-03-17 16:20:22 UTC, "created_at"=>2012-03-17 16:20:22 UTC}])
MONGODB real_time_editor_development['users'].update({"_id"=>BSON::ObjectId('4f64b9c4cd15937ebd000002')}, {"$set"=>{"last_sign_in_at"=>2012-03-17 16:20:22 UTC, "current_sign_in_at"=>2012-03-17 16:20:22 UTC, "last_sign_in_ip"=>"127.0.0.1", "current_sign_in_ip"=>"127.0.0.1", "sign_in_count"=>1}})
Redirected to http://localhost:3000/
Completed 302 Found in 1508ms


Started GET "/" for 127.0.0.1 at 2012-03-17 17:20:22 +0100
  Processing by HomeController#index as HTML
Rendered home/index.html.haml within layouts/application (0.1ms)
MONGODB real_time_editor_development['system.namespaces'].find({})
MONGODB real_time_editor_development['users'].find({:_id=>BSON::ObjectId('4f64b9c4cd15937ebd000002')}).limit(-1).sort([[:_id, :asc]])
Rendered layouts/_header.html.haml (41.1ms)
Rendered layouts/_footer.haml (0.1ms)
Completed 200 OK in 136ms (Views: 119.3ms)


Started GET "/assets/application.css" for 127.0.0.1 at 2012-03-17 17:20:22 +0100
Served asset /application.css - 304 Not Modified (0ms)


Started GET "/assets/application.js" for 127.0.0.1 at 2012-03-17 17:20:22 +0100
Served asset /application.js - 304 Not Modified (0ms)


Started GET "/uzytkownicy/4f64b9c4cd15937ebd000002/ankiety" for 127.0.0.1 at 2012-03-17 17:20:25 +0100

AbstractController::ActionNotFound (The action 'user_questionnaires' could not be found for UsersController):
  

Rendered /home/anithaly/.rvm/gems/ruby-1.9.3-p125@rails32/gems/actionpack-3.1.3/lib/action_dispatch/middleware/templates/rescues/unknown_action.erb within rescues/layout (0.6ms)


Started GET "/users/4f64b9c4cd15937ebd000002/edit" for 127.0.0.1 at 2012-03-17 17:20:28 +0100
  Processing by UsersController#edit as HTML
  Parameters: {"id"=>"4f64b9c4cd15937ebd000002"}
MONGODB real_time_editor_development['system.namespaces'].find({})
MONGODB real_time_editor_development['users'].find({:_id=>BSON::ObjectId('4f64b9c4cd15937ebd000002')}).limit(-1).sort([[:_id, :asc]])
MONGODB real_time_editor_development['users'].find({:_id=>BSON::ObjectId('4f64b9c4cd15937ebd000002')}).limit(-1).sort([[:_id, :asc]])
Rendered users/edit.html.haml within layouts/application (7.3ms)
Completed 500 Internal Server Error in 15ms

ActionView::Template::Error (undefined method `age' for #<User:0x00000006a4df70>):
    15:   
    16:   %div.field
    17:     = f.label :age, "Wiek"
    18:     = f.text_field :age, :class => "span1"
    19:     = f.error_message_on(:age)
    20:     
    21:   %div.actions
  app/views/users/edit.html.haml:18:in `block in _app_views_users_edit_html_haml__3128116638410135057_55793940'
  app/views/users/edit.html.haml:4:in `_app_views_users_edit_html_haml__3128116638410135057_55793940'

Rendered /home/anithaly/.rvm/gems/ruby-1.9.3-p125@rails32/gems/actionpack-3.1.3/lib/action_dispatch/middleware/templates/rescues/_trace.erb (2.1ms)
Rendered /home/anithaly/.rvm/gems/ruby-1.9.3-p125@rails32/gems/actionpack-3.1.3/lib/action_dispatch/middleware/templates/rescues/_request_and_response.erb (1.2ms)
Rendered /home/anithaly/.rvm/gems/ruby-1.9.3-p125@rails32/gems/actionpack-3.1.3/lib/action_dispatch/middleware/templates/rescues/template_error.erb within rescues/layout (6.1ms)
